2025-03-09T04:03:43.059928Z 0 [System] [MY-013169] [Server] /usr/sbin/mysqld (mysqld 8.0.41) initializing of server in progress as process 81
2025-03-09T04:03:43.061042Z 0 [Warning] [MY-010159] [Server] Setting lower_case_table_names=2 because file system for /var/lib/mysql/ is case insensitive
2025-03-09T04:03:43.064940Z 1 [System] [MY-013576] [InnoDB] InnoDB initialization has started.
2025-03-09T04:03:43.384735Z 1 [System] [MY-013577] [InnoDB] InnoDB initialization has ended.
2025-03-09T04:03:43.806625Z 6 [Warning] [MY-010453] [Server] root@localhost is created with an empty password ! Please consider switching off the --initialize-insecure option.
2025-03-09T04:03:46.480778Z 0 [System] [MY-010116] [Server] /usr/sbin/mysqld (mysqld 8.0.41) starting as process 125
2025-03-09T04:03:46.481603Z 0 [Warning] [MY-010159] [Server] Setting lower_case_table_names=2 because file system for /var/lib/mysql/ is case insensitive
2025-03-09T04:03:46.485529Z 1 [System] [MY-013576] [InnoDB] InnoDB initialization has started.
2025-03-09T04:03:46.567166Z 1 [System] [MY-013577] [InnoDB] InnoDB initialization has ended.
2025-03-09T04:03:46.627342Z 0 [Warning] [MY-010068] [Server] CA certificate ca.pem is self signed.
2025-03-09T04:03:46.627386Z 0 [System] [MY-013602] [Server] Channel mysql_main configured to support TLS. Encrypted connections are now supported for this channel.
2025-03-09T04:03:46.633817Z 0 [System] [MY-011323] [Server] X Plugin ready for connections. Socket: /var/run/mysqld/mysqlx.sock
2025-03-09T04:03:46.633854Z 0 [System] [MY-010931] [Server] /usr/sbin/mysqld: ready for connections. Version: '8.0.41'  socket: '/var/lib/mysql/mysql.sock'  port: 0  MySQL Community Server - GPL.
2025-03-09T04:08:21.369966Z 0 [System] [MY-013169] [Server] /usr/sbin/mysqld (mysqld 8.0.41) initializing of server in progress as process 79
2025-03-09T04:08:21.372360Z 1 [System] [MY-013576] [InnoDB] InnoDB initialization has started.
2025-03-09T04:08:21.443833Z 1 [System] [MY-013577] [InnoDB] InnoDB initialization has ended.
2025-03-09T04:08:21.770252Z 6 [Warning] [MY-010453] [Server] root@localhost is created with an empty password ! Please consider switching off the --initialize-insecure option.
2025-03-09T04:08:23.469046Z 0 [System] [MY-010116] [Server] /usr/sbin/mysqld (mysqld 8.0.41) starting as process 123
2025-03-09T04:08:23.473294Z 1 [System] [MY-013576] [InnoDB] InnoDB initialization has started.
2025-03-09T04:08:23.506443Z 1 [System] [MY-013577] [InnoDB] InnoDB initialization has ended.
2025-03-09T04:08:23.556520Z 0 [Warning] [MY-010068] [Server] CA certificate ca.pem is self signed.
2025-03-09T04:08:23.556556Z 0 [System] [MY-013602] [Server] Channel mysql_main configured to support TLS. Encrypted connections are now supported for this channel.
2025-03-09T04:08:23.557193Z 0 [Warning] [MY-011810] [Server] Insecure configuration for --pid-file: Location '/var/lib/mysql' in the path is accessible to all OS users. Consider choosing a different directory.
2025-03-09T04:08:23.561240Z 0 [System] [MY-011323] [Server] X Plugin ready for connections. Socket: /var/run/mysqld/mysqlx.sock
2025-03-09T04:08:23.561274Z 0 [System] [MY-010931] [Server] /usr/sbin/mysqld: ready for connections. Version: '8.0.41'  socket: '/var/lib/mysql/mysql.sock'  port: 0  MySQL Community Server - GPL.
2025-03-09T04:08:24.977657Z 0 [System] [MY-010116] [Server] /usr/sbin/mysqld (mysqld 8.0.41) starting as process 1
2025-03-09T04:08:24.979964Z 1 [System] [MY-013576] [InnoDB] InnoDB initialization has started.
2025-03-09T04:08:25.814843Z 1 [System] [MY-013577] [InnoDB] InnoDB initialization has ended.
2025-03-09T04:08:25.857355Z 0 [System] [MY-010229] [Server] Starting XA crash recovery...
2025-03-09T04:08:25.859037Z 0 [System] [MY-010232] [Server] XA crash recovery finished.
2025-03-09T04:08:25.869946Z 0 [Warning] [MY-010068] [Server] CA certificate ca.pem is self signed.
2025-03-09T04:08:25.869980Z 0 [System] [MY-013602] [Server] Channel mysql_main configured to support TLS. Encrypted connections are now supported for this channel.
2025-03-09T04:08:25.870674Z 0 [Warning] [MY-011810] [Server] Insecure configuration for --pid-file: Location '/var/lib/mysql' in the path is accessible to all OS users. Consider choosing a different directory.
2025-03-09T04:08:25.874934Z 0 [System] [MY-011323] [Server] X Plugin ready for connections. Bind-address: '::' port: 33060, socket: /var/run/mysqld/mysqlx.sock
2025-03-09T04:08:25.874948Z 0 [System] [MY-010931] [Server] /usr/sbin/mysqld: ready for connections. Version: '8.0.41'  socket: '/var/lib/mysql/mysql.sock'  port: 3306  MySQL Community Server - GPL.
2025-03-09T04:17:45.163952Z 8 [Warning] [MY-010055] [Server] IP address '192.168.65.1' could not be resolved: Name or service not known
2025-03-09T04:48:03.152914Z 0 [System] [MY-013172] [Server] Received SHUTDOWN from user <via user signal>. Shutting down mysqld (Version: 8.0.41).
2025-03-09T04:48:05.160543Z 0 [Warning] [MY-010909] [Server] /usr/sbin/mysqld: Forcing close of thread 12  user: 'root'.
2025-03-09T04:48:05.161344Z 0 [Warning] [MY-010909] [Server] /usr/sbin/mysqld: Forcing close of thread 13  user: 'root'.
2025-03-09T04:48:06.805854Z 0 [System] [MY-010910] [Server] /usr/sbin/mysqld: Shutdown complete (mysqld 8.0.41)  MySQL Community Server - GPL.
2025-03-09T04:52:20.392083Z 0 [System] [MY-010116] [Server] /usr/sbin/mysqld (mysqld 8.0.41) starting as process 1
2025-03-09T04:52:20.394801Z 1 [System] [MY-013576] [InnoDB] InnoDB initialization has started.
2025-03-09T04:52:20.454936Z 1 [System] [MY-013577] [InnoDB] InnoDB initialization has ended.
2025-03-09T04:52:20.502964Z 0 [Warning] [MY-010068] [Server] CA certificate ca.pem is self signed.
2025-03-09T04:52:20.502999Z 0 [System] [MY-013602] [Server] Channel mysql_main configured to support TLS. Encrypted connections are now supported for this channel.
2025-03-09T04:52:20.503755Z 0 [Warning] [MY-011810] [Server] Insecure configuration for --pid-file: Location '/var/lib/mysql' in the path is accessible to all OS users. Consider choosing a different directory.
2025-03-09T04:52:20.509065Z 0 [System] [MY-011323] [Server] X Plugin ready for connections. Bind-address: '::' port: 33060, socket: /var/run/mysqld/mysqlx.sock
2025-03-09T04:52:20.509107Z 0 [System] [MY-010931] [Server] /usr/sbin/mysqld: ready for connections. Version: '8.0.41'  socket: '/var/lib/mysql/mysql.sock'  port: 3306  MySQL Community Server - GPL.
2025-03-09T04:52:29.863866Z 0 [System] [MY-013172] [Server] Received SHUTDOWN from user <via user signal>. Shutting down mysqld (Version: 8.0.41).
2025-03-09T04:52:31.055812Z 0 [System] [MY-010910] [Server] /usr/sbin/mysqld: Shutdown complete (mysqld 8.0.41)  MySQL Community Server - GPL.
2025-03-09T04:52:34.348094Z 0 [System] [MY-013169] [Server] /usr/sbin/mysqld (mysqld 8.0.41) initializing of server in progress as process 80
2025-03-09T04:52:34.350874Z 1 [System] [MY-013576] [InnoDB] InnoDB initialization has started.
2025-03-09T04:52:34.446947Z 1 [System] [MY-013577] [InnoDB] InnoDB initialization has ended.
2025-03-09T04:52:34.736662Z 6 [Warning] [MY-010453] [Server] root@localhost is created with an empty password ! Please consider switching off the --initialize-insecure option.
2025-03-09T04:52:36.541859Z 0 [System] [MY-010116] [Server] /usr/sbin/mysqld (mysqld 8.0.41) starting as process 124
2025-03-09T04:52:36.546663Z 1 [System] [MY-013576] [InnoDB] InnoDB initialization has started.
2025-03-09T04:52:36.592668Z 1 [System] [MY-013577] [InnoDB] InnoDB initialization has ended.
2025-03-09T04:52:36.654094Z 0 [Warning] [MY-010068] [Server] CA certificate ca.pem is self signed.
2025-03-09T04:52:36.654131Z 0 [System] [MY-013602] [Server] Channel mysql_main configured to support TLS. Encrypted connections are now supported for this channel.
2025-03-09T04:52:36.654849Z 0 [Warning] [MY-011810] [Server] Insecure configuration for --pid-file: Location '/var/lib/mysql' in the path is accessible to all OS users. Consider choosing a different directory.
2025-03-09T04:52:36.659763Z 0 [System] [MY-011323] [Server] X Plugin ready for connections. Socket: /var/run/mysqld/mysqlx.sock
2025-03-09T04:52:36.659802Z 0 [System] [MY-010931] [Server] /usr/sbin/mysqld: ready for connections. Version: '8.0.41'  socket: '/var/lib/mysql/mysql.sock'  port: 0  MySQL Community Server - GPL.
2025-03-09T04:52:38.070733Z 0 [System] [MY-010116] [Server] /usr/sbin/mysqld (mysqld 8.0.41) starting as process 1
2025-03-09T04:52:38.073220Z 1 [System] [MY-013576] [InnoDB] InnoDB initialization has started.
2025-03-09T04:52:38.929440Z 1 [System] [MY-013577] [InnoDB] InnoDB initialization has ended.
2025-03-09T04:52:38.968715Z 0 [System] [MY-010229] [Server] Starting XA crash recovery...
2025-03-09T04:52:38.969493Z 0 [System] [MY-010232] [Server] XA crash recovery finished.
2025-03-09T04:52:38.980291Z 0 [Warning] [MY-010068] [Server] CA certificate ca.pem is self signed.
2025-03-09T04:52:38.980328Z 0 [System] [MY-013602] [Server] Channel mysql_main configured to support TLS. Encrypted connections are now supported for this channel.
2025-03-09T04:52:38.981189Z 0 [Warning] [MY-011810] [Server] Insecure configuration for --pid-file: Location '/var/lib/mysql' in the path is accessible to all OS users. Consider choosing a different directory.
2025-03-09T04:52:38.985326Z 0 [System] [MY-011323] [Server] X Plugin ready for connections. Bind-address: '::' port: 33060, socket: /var/run/mysqld/mysqlx.sock
2025-03-09T04:52:38.985338Z 0 [System] [MY-010931] [Server] /usr/sbin/mysqld: ready for connections. Version: '8.0.41'  socket: '/var/lib/mysql/mysql.sock'  port: 3306  MySQL Community Server - GPL.
2025-03-09T04:52:47.035374Z 8 [Warning] [MY-010055] [Server] IP address '192.168.65.1' could not be resolved: Name or service not known
2025-03-09T04:53:00.644292Z 0 [System] [MY-013172] [Server] Received SHUTDOWN from user <via user signal>. Shutting down mysqld (Version: 8.0.41).
2025-03-09T04:53:01.614991Z 0 [System] [MY-010910] [Server] /usr/sbin/mysqld: Shutdown complete (mysqld 8.0.41)  MySQL Community Server - GPL.
2025-03-09T04:53:25.045662Z 0 [System] [MY-013169] [Server] /usr/sbin/mysqld (mysqld 8.0.41) initializing of server in progress as process 80
2025-03-09T04:53:25.050853Z 1 [System] [MY-013576] [InnoDB] InnoDB initialization has started.
2025-03-09T04:53:25.159216Z 1 [System] [MY-013577] [InnoDB] InnoDB initialization has ended.
2025-03-09T04:53:25.513424Z 6 [Warning] [MY-010453] [Server] root@localhost is created with an empty password ! Please consider switching off the --initialize-insecure option.
2025-03-09T04:53:27.272438Z 0 [System] [MY-010116] [Server] /usr/sbin/mysqld (mysqld 8.0.41) starting as process 124
2025-03-09T04:53:27.277373Z 1 [System] [MY-013576] [InnoDB] InnoDB initialization has started.
2025-03-09T04:53:27.324952Z 1 [System] [MY-013577] [InnoDB] InnoDB initialization has ended.
2025-03-09T04:53:27.386271Z 0 [Warning] [MY-010068] [Server] CA certificate ca.pem is self signed.
2025-03-09T04:53:27.386330Z 0 [System] [MY-013602] [Server] Channel mysql_main configured to support TLS. Encrypted connections are now supported for this channel.
2025-03-09T04:53:27.387308Z 0 [Warning] [MY-011810] [Server] Insecure configuration for --pid-file: Location '/var/lib/mysql' in the path is accessible to all OS users. Consider choosing a different directory.
2025-03-09T04:53:27.395060Z 0 [System] [MY-011323] [Server] X Plugin ready for connections. Socket: /var/run/mysqld/mysqlx.sock
2025-03-09T04:53:27.395086Z 0 [System] [MY-010931] [Server] /usr/sbin/mysqld: ready for connections. Version: '8.0.41'  socket: '/var/lib/mysql/mysql.sock'  port: 0  MySQL Community Server - GPL.
2025-03-09T04:53:28.601193Z 0 [System] [MY-010116] [Server] /usr/sbin/mysqld (mysqld 8.0.41) starting as process 1
2025-03-09T04:53:28.603546Z 1 [System] [MY-013576] [InnoDB] InnoDB initialization has started.
2025-03-09T04:53:29.464911Z 1 [System] [MY-013577] [InnoDB] InnoDB initialization has ended.
2025-03-09T04:53:29.503909Z 0 [System] [MY-010229] [Server] Starting XA crash recovery...
2025-03-09T04:53:29.504522Z 0 [System] [MY-010232] [Server] XA crash recovery finished.
2025-03-09T04:53:29.515757Z 0 [Warning] [MY-010068] [Server] CA certificate ca.pem is self signed.
2025-03-09T04:53:29.515792Z 0 [System] [MY-013602] [Server] Channel mysql_main configured to support TLS. Encrypted connections are now supported for this channel.
2025-03-09T04:53:29.516780Z 0 [Warning] [MY-011810] [Server] Insecure configuration for --pid-file: Location '/var/lib/mysql' in the path is accessible to all OS users. Consider choosing a different directory.
2025-03-09T04:53:29.521071Z 0 [System] [MY-011323] [Server] X Plugin ready for connections. Bind-address: '::' port: 33060, socket: /var/run/mysqld/mysqlx.sock
2025-03-09T04:53:29.521085Z 0 [System] [MY-010931] [Server] /usr/sbin/mysqld: ready for connections. Version: '8.0.41'  socket: '/var/lib/mysql/mysql.sock'  port: 3306  MySQL Community Server - GPL.
2025-03-09T04:53:32.230540Z 8 [Warning] [MY-010055] [Server] IP address '192.168.65.1' could not be resolved: Name or service not known
